<?xml version="1.0" encoding="UTF-8"?>
<testng-results skipped="0" failed="0" ignored="0" total="10" passed="10">
  <reporter-output>
  </reporter-output>
  <suite name="Flight_Booking" duration-ms="40486" started-at="2020-06-29T22:28:27 GMT" finished-at="2020-06-29T22:29:07 GMT">
    <groups>
    </groups>
    <test name="Test_Flight_booking_4" duration-ms="34699" started-at="2020-06-29T22:28:27 GMT" finished-at="2020-06-29T22:29:01 GMT">
      <class name="com.newtours_docker.newToursTest">
        <test-method status="PASS" signature="setUpDriver()[pri:0, instance:com.newtours_docker.newToursTest@59fa1d9b]" name="setUpDriver" is-config="true" duration-ms="9200" started-at="2020-06-29T22:28:27 GMT" finished-at="2020-06-29T22:28:36 GMT">
          <reporter-output>
          </reporter-output>
        </test-method> <!-- setUpDriver -->
        <test-method status="PASS" signature="setParameters(java.lang.String, java.lang.String)[pri:0, instance:com.newtours_docker.newToursTest@59fa1d9b]" name="setParameters" is-config="true" duration-ms="48" started-at="2020-06-29T22:28:36 GMT" depends-on-methods="TestPackage.BaseTest.setUpDriver" finished-at="2020-06-29T22:28:36 GMT">
          <params>
            <param index="0">
              <value>
                <![CDATA[4]]>
              </value>
            </param>
            <param index="1">
              <value>
                <![CDATA[$2338 USD]]>
              </value>
            </param>
          </params>
          <reporter-output>
          </reporter-output>
        </test-method> <!-- setParameters -->
        <test-method status="PASS" signature="registrationPageTest()[pri:0, instance:com.newtours_docker.newToursTest@59fa1d9b]" name="registrationPageTest" duration-ms="12560" started-at="2020-06-29T22:28:36 GMT" finished-at="2020-06-29T22:28:48 GMT">
          <reporter-output>
          </reporter-output>
        </test-method> <!-- registrationPageTest -->
        <test-method status="PASS" signature="registrationConfirmationPage()[pri:0, instance:com.newtours_docker.newToursTest@59fa1d9b]" name="registrationConfirmationPage" duration-ms="1829" started-at="2020-06-29T22:28:48 GMT" depends-on-methods="com.newtours_docker.newToursTest.registrationPageTest" finished-at="2020-06-29T22:28:50 GMT">
          <reporter-output>
          </reporter-output>
        </test-method> <!-- registrationConfirmationPage -->
        <test-method status="PASS" signature="flightDetailsPage()[pri:0, instance:com.newtours_docker.newToursTest@59fa1d9b]" name="flightDetailsPage" duration-ms="2718" started-at="2020-06-29T22:28:50 GMT" depends-on-methods="com.newtours_docker.newToursTest.registrationConfirmationPage" finished-at="2020-06-29T22:28:53 GMT">
          <reporter-output>
          </reporter-output>
        </test-method> <!-- flightDetailsPage -->
        <test-method status="PASS" signature="findFlightsPage()[pri:0, instance:com.newtours_docker.newToursTest@59fa1d9b]" name="findFlightsPage" duration-ms="5764" started-at="2020-06-29T22:28:53 GMT" depends-on-methods="com.newtours_docker.newToursTest.flightDetailsPage" finished-at="2020-06-29T22:28:59 GMT">
          <reporter-output>
          </reporter-output>
        </test-method> <!-- findFlightsPage -->
        <test-method status="PASS" signature="flightConfirmationPage()[pri:0, instance:com.newtours_docker.newToursTest@59fa1d9b]" name="flightConfirmationPage" duration-ms="2164" started-at="2020-06-29T22:28:59 GMT" depends-on-methods="com.newtours_docker.newToursTest.findFlightsPage" finished-at="2020-06-29T22:29:01 GMT">
          <reporter-output>
          </reporter-output>
        </test-method> <!-- flightConfirmationPage -->
        <test-method status="PASS" signature="close()[pri:0, instance:com.newtours_docker.newToursTest@59fa1d9b]" name="close" is-config="true" duration-ms="254" started-at="2020-06-29T22:29:01 GMT" finished-at="2020-06-29T22:29:01 GMT">
          <reporter-output>
          </reporter-output>
        </test-method> <!-- close -->
      </class> <!-- com.newtours_docker.newToursTest -->
    </test> <!-- Test_Flight_booking_4 -->
    <test name="Test_Flight_booking_3" duration-ms="40486" started-at="2020-06-29T22:28:27 GMT" finished-at="2020-06-29T22:29:07 GMT">
      <class name="com.newtours_docker.newToursTest">
        <test-method status="PASS" signature="setUpDriver()[pri:0, instance:com.newtours_docker.newToursTest@2b98378d]" name="setUpDriver" is-config="true" duration-ms="9203" started-at="2020-06-29T22:28:27 GMT" finished-at="2020-06-29T22:28:36 GMT">
          <reporter-output>
          </reporter-output>
        </test-method> <!-- setUpDriver -->
        <test-method status="PASS" signature="setParameters(java.lang.String, java.lang.String)[pri:0, instance:com.newtours_docker.newToursTest@2b98378d]" name="setParameters" is-config="true" duration-ms="35" started-at="2020-06-29T22:28:36 GMT" depends-on-methods="TestPackage.BaseTest.setUpDriver" finished-at="2020-06-29T22:28:36 GMT">
          <params>
            <param index="0">
              <value>
                <![CDATA[3]]>
              </value>
            </param>
            <param index="1">
              <value>
                <![CDATA[$1753 USD]]>
              </value>
            </param>
          </params>
          <reporter-output>
          </reporter-output>
        </test-method> <!-- setParameters -->
        <test-method status="PASS" signature="registrationPageTest()[pri:0, instance:com.newtours_docker.newToursTest@2b98378d]" name="registrationPageTest" duration-ms="12668" started-at="2020-06-29T22:28:36 GMT" finished-at="2020-06-29T22:28:49 GMT">
          <reporter-output>
          </reporter-output>
        </test-method> <!-- registrationPageTest -->
        <test-method status="PASS" signature="registrationConfirmationPage()[pri:0, instance:com.newtours_docker.newToursTest@2b98378d]" name="registrationConfirmationPage" duration-ms="2744" started-at="2020-06-29T22:28:49 GMT" depends-on-methods="com.newtours_docker.newToursTest.registrationPageTest" finished-at="2020-06-29T22:28:51 GMT">
          <reporter-output>
          </reporter-output>
        </test-method> <!-- registrationConfirmationPage -->
        <test-method status="PASS" signature="flightDetailsPage()[pri:0, instance:com.newtours_docker.newToursTest@2b98378d]" name="flightDetailsPage" duration-ms="3827" started-at="2020-06-29T22:28:51 GMT" depends-on-methods="com.newtours_docker.newToursTest.registrationConfirmationPage" finished-at="2020-06-29T22:28:55 GMT">
          <reporter-output>
          </reporter-output>
        </test-method> <!-- flightDetailsPage -->
        <test-method status="PASS" signature="findFlightsPage()[pri:0, instance:com.newtours_docker.newToursTest@2b98378d]" name="findFlightsPage" duration-ms="9630" started-at="2020-06-29T22:28:55 GMT" depends-on-methods="com.newtours_docker.newToursTest.flightDetailsPage" finished-at="2020-06-29T22:29:05 GMT">
          <reporter-output>
          </reporter-output>
        </test-method> <!-- findFlightsPage -->
        <test-method status="PASS" signature="flightConfirmationPage()[pri:0, instance:com.newtours_docker.newToursTest@2b98378d]" name="flightConfirmationPage" duration-ms="2154" started-at="2020-06-29T22:29:05 GMT" depends-on-methods="com.newtours_docker.newToursTest.findFlightsPage" finished-at="2020-06-29T22:29:07 GMT">
          <reporter-output>
          </reporter-output>
        </test-method> <!-- flightConfirmationPage -->
        <test-method status="PASS" signature="close()[pri:0, instance:com.newtours_docker.newToursTest@2b98378d]" name="close" is-config="true" duration-ms="69" started-at="2020-06-29T22:29:07 GMT" finished-at="2020-06-29T22:29:07 GMT">
          <reporter-output>
          </reporter-output>
        </test-method> <!-- close -->
      </class> <!-- com.newtours_docker.newToursTest -->
    </test> <!-- Test_Flight_booking_3 -->
  </suite> <!-- Flight_Booking -->
</testng-results>
