<?xml version="1.0" encoding="UTF-8"?>
<!-- Generated by org.testng.reporters.JUnitXMLReporter -->
<testsuite hostname="Vigneshwars-MacBook-Air.local" ignored="0" name="Test_Flight_booking_3" tests="2" failures="0" timestamp="2020-06-27T08:37:57 IST" time="47.681" errors="0">
  <testcase name="findFlightsPage" time="5.954" classname="com.newtours_docker.newToursTest"/>
  <testcase name="flightConfirmationPage" time="2.366" classname="com.newtours_docker.newToursTest"/>
</testsuite> <!-- Test_Flight_booking_3 -->
