<?xml version="1.0" encoding="UTF-8"?>
<!-- Generated by org.testng.reporters.JUnitXMLReporter -->
<testsuite hostname="Vigneshwars-MacBook-Air.local" ignored="0" name="Test_Flight_booking_2" tests="3" failures="0" timestamp="2020-06-27T08:38:01 IST" time="52.521" errors="0">
  <testcase name="findFlightsPage" time="6.536" classname="com.newtours_docker.newToursTest"/>
  <testcase name="findFlightsPage" time="7.237" classname="com.newtours_docker.newToursTest"/>
  <testcase name="flightConfirmationPage" time="2.108" classname="com.newtours_docker.newToursTest"/>
</testsuite> <!-- Test_Flight_booking_2 -->
