<?xml version="1.0" encoding="UTF-8"?>
<!-- Generated by org.testng.reporters.JUnitXMLReporter -->
<testsuite hostname="Vigneshwars-MacBook-Air.local" ignored="0" name="Test_Flight_booking_1" tests="14" failures="0" timestamp="2020-06-27T08:37:54 IST" time="44.783" errors="0">
  <testcase name="registrationPageTest" time="13.526" classname="com.newtours_docker.newToursTest"/>
  <testcase name="registrationConfirmationPage" time="2.083" classname="com.newtours_docker.newToursTest"/>
  <testcase name="registrationPageTest" time="16.528" classname="com.newtours_docker.newToursTest"/>
  <testcase name="registrationConfirmationPage" time="1.968" classname="com.newtours_docker.newToursTest"/>
  <testcase name="flightDetailsPage" time="2.736" classname="com.newtours_docker.newToursTest"/>
  <testcase name="registrationPageTest" time="19.475" classname="com.newtours_docker.newToursTest"/>
  <testcase name="registrationPageTest" time="19.662" classname="com.newtours_docker.newToursTest"/>
  <testcase name="flightDetailsPage" time="2.398" classname="com.newtours_docker.newToursTest"/>
  <testcase name="registrationConfirmationPage" time="2.988" classname="com.newtours_docker.newToursTest"/>
  <testcase name="registrationConfirmationPage" time="3.266" classname="com.newtours_docker.newToursTest"/>
  <testcase name="findFlightsPage" time="4.876" classname="com.newtours_docker.newToursTest"/>
  <testcase name="flightDetailsPage" time="2.855" classname="com.newtours_docker.newToursTest"/>
  <testcase name="flightDetailsPage" time="3.167" classname="com.newtours_docker.newToursTest"/>
  <testcase name="flightConfirmationPage" time="2.585" classname="com.newtours_docker.newToursTest"/>
</testsuite> <!-- Test_Flight_booking_1 -->
