<?xml version="1.0" encoding="UTF-8"?>
<!-- Generated by org.testng.reporters.JUnitXMLReporter -->
<testsuite hostname="Vigneshwars-MacBook-Air.local" ignored="0" name="Test_Flight_booking" tests="5" failures="0" timestamp="2020-06-26T00:48:18 IST" time="49.756" errors="0">
  <testcase name="registrationPageTest" time="11.731" classname="com.newtours_docker.newToursTest"/>
  <testcase name="registrationConfirmationPage" time="1.195" classname="com.newtours_docker.newToursTest"/>
  <testcase name="flightDetailsPage" time="4.1" classname="com.newtours_docker.newToursTest"/>
  <testcase name="findFlightsPage" time="4.845" classname="com.newtours_docker.newToursTest"/>
  <testcase name="flightConfirmationPage" time="24.757" classname="com.newtours_docker.newToursTest"/>
</testsuite> <!-- Test_Flight_booking -->
