<?xml version="1.0" encoding="UTF-8"?>
<testng-results skipped="0" failed="0" ignored="0" total="20" passed="20">
  <reporter-output>
  </reporter-output>
  <suite name="Flight_Booking" duration-ms="53761" started-at="2020-06-27T08:37:09 IST" finished-at="2020-06-27T08:38:03 IST">
    <groups>
    </groups>
    <test name="Test_Flight_booking_1" duration-ms="44783" started-at="2020-06-27T08:37:09 IST" finished-at="2020-06-27T08:37:54 IST">
      <class name="com.newtours_docker.newToursTest">
        <test-method status="PASS" signature="setUpDriver()[pri:0, instance:com.newtours_docker.newToursTest@4e7dc304]" name="setUpDriver" is-config="true" duration-ms="18710" started-at="2020-06-27T08:37:09 IST" finished-at="2020-06-27T08:37:28 IST">
          <reporter-output>
          </reporter-output>
        </test-method> <!-- setUpDriver -->
        <test-method status="PASS" signature="setParameters(java.lang.String, java.lang.String)[pri:0, instance:com.newtours_docker.newToursTest@4e7dc304]" name="setParameters" is-config="true" duration-ms="0" started-at="2020-06-27T08:37:28 IST" depends-on-methods="TestPackage.BaseTest.setUpDriver" finished-at="2020-06-27T08:37:28 IST">
          <params>
            <param index="0">
              <value>
                <![CDATA[1]]>
              </value>
            </param>
            <param index="1">
              <value>
                <![CDATA[$584 USD]]>
              </value>
            </param>
          </params>
          <reporter-output>
          </reporter-output>
        </test-method> <!-- setParameters -->
        <test-method status="PASS" signature="registrationPageTest()[pri:0, instance:com.newtours_docker.newToursTest@4e7dc304]" name="registrationPageTest" duration-ms="13526" started-at="2020-06-27T08:37:28 IST" finished-at="2020-06-27T08:37:41 IST">
          <reporter-output>
          </reporter-output>
        </test-method> <!-- registrationPageTest -->
        <test-method status="PASS" signature="registrationConfirmationPage()[pri:0, instance:com.newtours_docker.newToursTest@4e7dc304]" name="registrationConfirmationPage" duration-ms="2083" started-at="2020-06-27T08:37:41 IST" depends-on-methods="com.newtours_docker.newToursTest.registrationPageTest" finished-at="2020-06-27T08:37:43 IST">
          <reporter-output>
          </reporter-output>
        </test-method> <!-- registrationConfirmationPage -->
        <test-method status="PASS" signature="flightDetailsPage()[pri:0, instance:com.newtours_docker.newToursTest@4e7dc304]" name="flightDetailsPage" duration-ms="2736" started-at="2020-06-27T08:37:43 IST" depends-on-methods="com.newtours_docker.newToursTest.registrationConfirmationPage" finished-at="2020-06-27T08:37:46 IST">
          <reporter-output>
          </reporter-output>
        </test-method> <!-- flightDetailsPage -->
        <test-method status="PASS" signature="findFlightsPage()[pri:0, instance:com.newtours_docker.newToursTest@4e7dc304]" name="findFlightsPage" duration-ms="4876" started-at="2020-06-27T08:37:46 IST" depends-on-methods="com.newtours_docker.newToursTest.flightDetailsPage" finished-at="2020-06-27T08:37:51 IST">
          <reporter-output>
          </reporter-output>
        </test-method> <!-- findFlightsPage -->
        <test-method status="PASS" signature="flightConfirmationPage()[pri:0, instance:com.newtours_docker.newToursTest@4e7dc304]" name="flightConfirmationPage" duration-ms="2585" started-at="2020-06-27T08:37:51 IST" depends-on-methods="com.newtours_docker.newToursTest.findFlightsPage" finished-at="2020-06-27T08:37:53 IST">
          <reporter-output>
          </reporter-output>
        </test-method> <!-- flightConfirmationPage -->
        <test-method status="PASS" signature="close()[pri:0, instance:com.newtours_docker.newToursTest@4e7dc304]" name="close" is-config="true" duration-ms="193" started-at="2020-06-27T08:37:53 IST" finished-at="2020-06-27T08:37:54 IST">
          <reporter-output>
          </reporter-output>
        </test-method> <!-- close -->
      </class> <!-- com.newtours_docker.newToursTest -->
    </test> <!-- Test_Flight_booking_1 -->
    <test name="Test_Flight_booking_3" duration-ms="47681" started-at="2020-06-27T08:37:09 IST" finished-at="2020-06-27T08:37:57 IST">
      <class name="com.newtours_docker.newToursTest">
        <test-method status="PASS" signature="setUpDriver()[pri:0, instance:com.newtours_docker.newToursTest@33c7e1bb]" name="setUpDriver" is-config="true" duration-ms="18296" started-at="2020-06-27T08:37:09 IST" finished-at="2020-06-27T08:37:27 IST">
          <reporter-output>
          </reporter-output>
        </test-method> <!-- setUpDriver -->
        <test-method status="PASS" signature="setParameters(java.lang.String, java.lang.String)[pri:0, instance:com.newtours_docker.newToursTest@33c7e1bb]" name="setParameters" is-config="true" duration-ms="13" started-at="2020-06-27T08:37:27 IST" depends-on-methods="TestPackage.BaseTest.setUpDriver" finished-at="2020-06-27T08:37:27 IST">
          <params>
            <param index="0">
              <value>
                <![CDATA[3]]>
              </value>
            </param>
            <param index="1">
              <value>
                <![CDATA[$1753 USD]]>
              </value>
            </param>
          </params>
          <reporter-output>
          </reporter-output>
        </test-method> <!-- setParameters -->
        <test-method status="PASS" signature="registrationPageTest()[pri:0, instance:com.newtours_docker.newToursTest@33c7e1bb]" name="registrationPageTest" duration-ms="16528" started-at="2020-06-27T08:37:27 IST" finished-at="2020-06-27T08:37:44 IST">
          <reporter-output>
          </reporter-output>
        </test-method> <!-- registrationPageTest -->
        <test-method status="PASS" signature="registrationConfirmationPage()[pri:0, instance:com.newtours_docker.newToursTest@33c7e1bb]" name="registrationConfirmationPage" duration-ms="1968" started-at="2020-06-27T08:37:44 IST" depends-on-methods="com.newtours_docker.newToursTest.registrationPageTest" finished-at="2020-06-27T08:37:46 IST">
          <reporter-output>
          </reporter-output>
        </test-method> <!-- registrationConfirmationPage -->
        <test-method status="PASS" signature="flightDetailsPage()[pri:0, instance:com.newtours_docker.newToursTest@33c7e1bb]" name="flightDetailsPage" duration-ms="2398" started-at="2020-06-27T08:37:46 IST" depends-on-methods="com.newtours_docker.newToursTest.registrationConfirmationPage" finished-at="2020-06-27T08:37:48 IST">
          <reporter-output>
          </reporter-output>
        </test-method> <!-- flightDetailsPage -->
        <test-method status="PASS" signature="findFlightsPage()[pri:0, instance:com.newtours_docker.newToursTest@33c7e1bb]" name="findFlightsPage" duration-ms="5954" started-at="2020-06-27T08:37:48 IST" depends-on-methods="com.newtours_docker.newToursTest.flightDetailsPage" finished-at="2020-06-27T08:37:54 IST">
          <reporter-output>
          </reporter-output>
        </test-method> <!-- findFlightsPage -->
        <test-method status="PASS" signature="flightConfirmationPage()[pri:0, instance:com.newtours_docker.newToursTest@33c7e1bb]" name="flightConfirmationPage" duration-ms="2366" started-at="2020-06-27T08:37:54 IST" depends-on-methods="com.newtours_docker.newToursTest.findFlightsPage" finished-at="2020-06-27T08:37:56 IST">
          <reporter-output>
          </reporter-output>
        </test-method> <!-- flightConfirmationPage -->
        <test-method status="PASS" signature="close()[pri:0, instance:com.newtours_docker.newToursTest@33c7e1bb]" name="close" is-config="true" duration-ms="74" started-at="2020-06-27T08:37:56 IST" finished-at="2020-06-27T08:37:57 IST">
          <reporter-output>
          </reporter-output>
        </test-method> <!-- close -->
      </class> <!-- com.newtours_docker.newToursTest -->
    </test> <!-- Test_Flight_booking_3 -->
    <test name="Test_Flight_booking_2" duration-ms="52521" started-at="2020-06-27T08:37:09 IST" finished-at="2020-06-27T08:38:01 IST">
      <class name="com.newtours_docker.newToursTest">
        <test-method status="PASS" signature="setUpDriver()[pri:0, instance:com.newtours_docker.newToursTest@458c1321]" name="setUpDriver" is-config="true" duration-ms="18295" started-at="2020-06-27T08:37:09 IST" finished-at="2020-06-27T08:37:27 IST">
          <reporter-output>
          </reporter-output>
        </test-method> <!-- setUpDriver -->
        <test-method status="PASS" signature="setParameters(java.lang.String, java.lang.String)[pri:0, instance:com.newtours_docker.newToursTest@458c1321]" name="setParameters" is-config="true" duration-ms="9" started-at="2020-06-27T08:37:27 IST" depends-on-methods="TestPackage.BaseTest.setUpDriver" finished-at="2020-06-27T08:37:27 IST">
          <params>
            <param index="0">
              <value>
                <![CDATA[2]]>
              </value>
            </param>
            <param index="1">
              <value>
                <![CDATA[$1169 USD]]>
              </value>
            </param>
          </params>
          <reporter-output>
          </reporter-output>
        </test-method> <!-- setParameters -->
        <test-method status="PASS" signature="registrationPageTest()[pri:0, instance:com.newtours_docker.newToursTest@458c1321]" name="registrationPageTest" duration-ms="19475" started-at="2020-06-27T08:37:27 IST" finished-at="2020-06-27T08:37:47 IST">
          <reporter-output>
          </reporter-output>
        </test-method> <!-- registrationPageTest -->
        <test-method status="PASS" signature="registrationConfirmationPage()[pri:0, instance:com.newtours_docker.newToursTest@458c1321]" name="registrationConfirmationPage" duration-ms="2988" started-at="2020-06-27T08:37:47 IST" depends-on-methods="com.newtours_docker.newToursTest.registrationPageTest" finished-at="2020-06-27T08:37:50 IST">
          <reporter-output>
          </reporter-output>
        </test-method> <!-- registrationConfirmationPage -->
        <test-method status="PASS" signature="flightDetailsPage()[pri:0, instance:com.newtours_docker.newToursTest@458c1321]" name="flightDetailsPage" duration-ms="2855" started-at="2020-06-27T08:37:50 IST" depends-on-methods="com.newtours_docker.newToursTest.registrationConfirmationPage" finished-at="2020-06-27T08:37:53 IST">
          <reporter-output>
          </reporter-output>
        </test-method> <!-- flightDetailsPage -->
        <test-method status="PASS" signature="findFlightsPage()[pri:0, instance:com.newtours_docker.newToursTest@458c1321]" name="findFlightsPage" duration-ms="6536" started-at="2020-06-27T08:37:53 IST" depends-on-methods="com.newtours_docker.newToursTest.flightDetailsPage" finished-at="2020-06-27T08:37:59 IST">
          <reporter-output>
          </reporter-output>
        </test-method> <!-- findFlightsPage -->
        <test-method status="PASS" signature="flightConfirmationPage()[pri:0, instance:com.newtours_docker.newToursTest@458c1321]" name="flightConfirmationPage" duration-ms="2108" started-at="2020-06-27T08:37:59 IST" depends-on-methods="com.newtours_docker.newToursTest.findFlightsPage" finished-at="2020-06-27T08:38:01 IST">
          <reporter-output>
          </reporter-output>
        </test-method> <!-- flightConfirmationPage -->
        <test-method status="PASS" signature="close()[pri:0, instance:com.newtours_docker.newToursTest@458c1321]" name="close" is-config="true" duration-ms="123" started-at="2020-06-27T08:38:01 IST" finished-at="2020-06-27T08:38:01 IST">
          <reporter-output>
          </reporter-output>
        </test-method> <!-- close -->
      </class> <!-- com.newtours_docker.newToursTest -->
    </test> <!-- Test_Flight_booking_2 -->
    <test name="Test_Flight_booking_4" duration-ms="53761" started-at="2020-06-27T08:37:09 IST" finished-at="2020-06-27T08:38:03 IST">
      <class name="com.newtours_docker.newToursTest">
        <test-method status="PASS" signature="setUpDriver()[pri:0, instance:com.newtours_docker.newToursTest@80503]" name="setUpDriver" is-config="true" duration-ms="18360" started-at="2020-06-27T08:37:09 IST" finished-at="2020-06-27T08:37:27 IST">
          <reporter-output>
          </reporter-output>
        </test-method> <!-- setUpDriver -->
        <test-method status="PASS" signature="setParameters(java.lang.String, java.lang.String)[pri:0, instance:com.newtours_docker.newToursTest@80503]" name="setParameters" is-config="true" duration-ms="1" started-at="2020-06-27T08:37:27 IST" depends-on-methods="TestPackage.BaseTest.setUpDriver" finished-at="2020-06-27T08:37:27 IST">
          <params>
            <param index="0">
              <value>
                <![CDATA[4]]>
              </value>
            </param>
            <param index="1">
              <value>
                <![CDATA[$2338 USD]]>
              </value>
            </param>
          </params>
          <reporter-output>
          </reporter-output>
        </test-method> <!-- setParameters -->
        <test-method status="PASS" signature="registrationPageTest()[pri:0, instance:com.newtours_docker.newToursTest@80503]" name="registrationPageTest" duration-ms="19662" started-at="2020-06-27T08:37:27 IST" finished-at="2020-06-27T08:37:47 IST">
          <reporter-output>
          </reporter-output>
        </test-method> <!-- registrationPageTest -->
        <test-method status="PASS" signature="registrationConfirmationPage()[pri:0, instance:com.newtours_docker.newToursTest@80503]" name="registrationConfirmationPage" duration-ms="3266" started-at="2020-06-27T08:37:47 IST" depends-on-methods="com.newtours_docker.newToursTest.registrationPageTest" finished-at="2020-06-27T08:37:50 IST">
          <reporter-output>
          </reporter-output>
        </test-method> <!-- registrationConfirmationPage -->
        <test-method status="PASS" signature="flightDetailsPage()[pri:0, instance:com.newtours_docker.newToursTest@80503]" name="flightDetailsPage" duration-ms="3167" started-at="2020-06-27T08:37:50 IST" depends-on-methods="com.newtours_docker.newToursTest.registrationConfirmationPage" finished-at="2020-06-27T08:37:53 IST">
          <reporter-output>
          </reporter-output>
        </test-method> <!-- flightDetailsPage -->
        <test-method status="PASS" signature="findFlightsPage()[pri:0, instance:com.newtours_docker.newToursTest@80503]" name="findFlightsPage" duration-ms="7237" started-at="2020-06-27T08:37:53 IST" depends-on-methods="com.newtours_docker.newToursTest.flightDetailsPage" finished-at="2020-06-27T08:38:01 IST">
          <reporter-output>
          </reporter-output>
        </test-method> <!-- findFlightsPage -->
        <test-method status="PASS" signature="flightConfirmationPage()[pri:0, instance:com.newtours_docker.newToursTest@80503]" name="flightConfirmationPage" duration-ms="1971" started-at="2020-06-27T08:38:01 IST" depends-on-methods="com.newtours_docker.newToursTest.findFlightsPage" finished-at="2020-06-27T08:38:03 IST">
          <reporter-output>
          </reporter-output>
        </test-method> <!-- flightConfirmationPage -->
        <test-method status="PASS" signature="close()[pri:0, instance:com.newtours_docker.newToursTest@80503]" name="close" is-config="true" duration-ms="67" started-at="2020-06-27T08:38:03 IST" finished-at="2020-06-27T08:38:03 IST">
          <reporter-output>
          </reporter-output>
        </test-method> <!-- close -->
      </class> <!-- com.newtours_docker.newToursTest -->
    </test> <!-- Test_Flight_booking_4 -->
  </suite> <!-- Flight_Booking -->
</testng-results>
